0 info it worked if it ends with ok
1 verbose cli [ '/home/werd/.nvm/versions/node/v6.11.3/bin/node',
1 verbose cli   '/home/werd/.nvm/versions/node/v6.11.3/bin/npm',
1 verbose cli   'run',
1 verbose cli   'apply:copay',
1 verbose cli   'bash' ]
2 info using npm@3.10.10
3 info using node@v6.11.3
4 verbose stack Error: ENOENT: no such file or directory, open '/var/app/sibcore-docker/package.json'
4 verbose stack     at Error (native)
5 verbose cwd /var/app/sibcore-docker
6 error Linux 4.8.0-53-generic
7 error argv "/home/werd/.nvm/versions/node/v6.11.3/bin/node" "/home/werd/.nvm/versions/node/v6.11.3/bin/npm" "run" "apply:copay" "bash"
8 error node v6.11.3
9 error npm  v3.10.10
10 error path /var/app/sibcore-docker/package.json
11 error code ENOENT
12 error errno -2
13 error syscall open
14 error enoent ENOENT: no such file or directory, open '/var/app/sibcore-docker/package.json'
15 error enoent ENOENT: no such file or directory, open '/var/app/sibcore-docker/package.json'
15 error enoent This is most likely not a problem with npm itself
15 error enoent and is related to npm not being able to find a file.
16 verbose exit [ -2, true ]
